<?xml version="1.0" encoding="UTF-8"?>
<!-- Generated by org.testng.reporters.JUnitXMLReporter -->
<testsuite ignored="7" hostname="Mohits-MacBook-Air.local" failures="0" tests="7" name="Default test" time="133.779" errors="0" timestamp="2021-06-09T21:14:04 IST">
  <testcase classname="MohitPardeshi.testSeleniumBasics.TestCases" name="selectContinent" time="5.388"/>
  <testcase classname="MohitPardeshi.testSeleniumBasics.TestCases" name="selectContinent" time="5.811"/>
  <testcase classname="MohitPardeshi.testSeleniumBasics.TestCases" name="selectContinent" time="5.942"/>
  <testcase classname="MohitPardeshi.testSeleniumBasics.TestCases" name="selectContinent" time="5.398"/>
  <testcase classname="MohitPardeshi.testSeleniumBasics.TestCases" name="selectContinent" time="5.717"/>
  <testcase classname="MohitPardeshi.testSeleniumBasics.TestCases" name="selectContinent" time="5.251"/>
  <testcase classname="MohitPardeshi.testSeleniumBasics.TestCases" name="selectContinent" time="6.309"/>
  <testcase classname="MohitPardeshi.testSeleniumBasics.TestCases" name="clickOnButtonTest" time="0.0">
    <ignored/>
  </testcase> <!-- clickOnButtonTest -->
  <testcase classname="MohitPardeshi.testSeleniumBasics.TestCases" name="selectGenderTest" time="0.0">
    <ignored/>
  </testcase> <!-- selectGenderTest -->
  <testcase classname="MohitPardeshi.testSeleniumBasics.TestCases" name="clickOnDownloadTest" time="0.0">
    <ignored/>
  </testcase> <!-- clickOnDownloadTest -->
  <testcase classname="MohitPardeshi.testSeleniumBasics.TestCases" name="enterFirstLastNameTest" time="0.0">
    <ignored/>
  </testcase> <!-- enterFirstLastNameTest -->
  <testcase classname="MohitPardeshi.testSeleniumBasics.TestCases" name="selectYOETest" time="0.0">
    <ignored/>
  </testcase> <!-- selectYOETest -->
  <testcase classname="MohitPardeshi.testSeleniumBasics.TestCases" name="selectYOE" time="0.0">
    <ignored/>
  </testcase> <!-- selectYOE -->
  <testcase classname="MohitPardeshi.testSeleniumBasics.TestCases" name="selectProfessionTest" time="0.0">
    <ignored/>
  </testcase> <!-- selectProfessionTest -->
</testsuite> <!-- Default test -->
